[2023-09-26 18:08:50,829] [INFO   ] ====== WebDriver manager ======
[2023-09-26 18:08:52,134] [INFO   ] Get LATEST chromedriver version for google-chrome
[2023-09-26 18:08:52,390] [INFO   ] Get LATEST chromedriver version for google-chrome
[2023-09-26 18:08:52,602] [INFO   ] There is no [win64] chromedriver "116.0.5845.96" for browser google-chrome "116.0.5845" in cache
[2023-09-26 18:08:52,602] [INFO   ] Get LATEST chromedriver version for google-chrome
[2023-09-26 18:08:53,065] [INFO   ] WebDriver version 116.0.5845.96 selected
[2023-09-26 18:08:53,067] [INFO   ] Modern chrome version https://edgedl.me.gvt1.com/edgedl/chrome/chrome-for-testing/116.0.5845.96/win32/chromedriver-win32.zip
[2023-09-26 18:08:53,069] [INFO   ] About to download new driver from https://edgedl.me.gvt1.com/edgedl/chrome/chrome-for-testing/116.0.5845.96/win32/chromedriver-win32.zip
[2023-09-26 18:08:53,246] [INFO   ] Driver downloading response is 200
[2023-09-26 18:09:00,820] [INFO   ] Get LATEST chromedriver version for google-chrome
[2023-09-26 18:09:01,145] [INFO   ] Driver has been saved in cache [C:\Users\Max\.wdm\drivers\chromedriver\win64\116.0.5845.96]
[2023-09-26 18:09:01,784] [DEBUG  ] Started executable: `C:\Users\Max\.wdm\drivers\chromedriver\win64\116.0.5845.96\chromedriver-win32/chromedriver.exe` in a child process with pid: 13320
[2023-09-26 18:09:16,474] [INFO   ] ('huge', 'bleak', 'media', 'shrug', 'omit', 'open', 'trumpet', 'uniform', 'sugar', 'foil', 'often', 'spend')
[2023-09-26 18:09:19,904] [INFO   ] 0xe270E5f26dCe60021dDcd746EC088F78a2e6e746
[2023-09-26 18:09:42,449] [INFO   ] 59b1dd5f5564430a11b2f19cec60bd096d5d8aade9911c791974ccb7bfcb9b14
[2023-09-26 18:09:49,103] [WARNING] Retrying (Retry(total=2, connect=None, read=None, redirect=None, status=None)) after connection broken by 'NewConnectionError('<urllib3.connection.HTTPConnection object at 0x000001A0922B4850>: Failed to establish a new connection: [WinError 10061] Подключение не установлено, т.к. конечный компьютер отверг запрос на подключение')': /session/df6acb4be0ebd72c86d2f1d269632b13
[2023-09-26 18:09:53,185] [WARNING] Retrying (Retry(total=1, connect=None, read=None, redirect=None, status=None)) after connection broken by 'NewConnectionError('<urllib3.connection.HTTPConnection object at 0x000001A0922B4EB0>: Failed to establish a new connection: [WinError 10061] Подключение не установлено, т.к. конечный компьютер отверг запрос на подключение')': /session/df6acb4be0ebd72c86d2f1d269632b13
[2023-09-26 18:09:57,252] [WARNING] Retrying (Retry(total=0, connect=None, read=None, redirect=None, status=None)) after connection broken by 'NewConnectionError('<urllib3.connection.HTTPConnection object at 0x000001A092C3F040>: Failed to establish a new connection: [WinError 10061] Подключение не установлено, т.к. конечный компьютер отверг запрос на подключение')': /session/df6acb4be0ebd72c86d2f1d269632b13
[2023-09-26 18:10:09,483] [INFO   ] ====== WebDriver manager ======
[2023-09-26 18:10:10,722] [INFO   ] Get LATEST chromedriver version for google-chrome
[2023-09-26 18:10:10,978] [INFO   ] Get LATEST chromedriver version for google-chrome
[2023-09-26 18:10:11,158] [INFO   ] Driver [C:\Users\Max\.wdm\drivers\chromedriver\win64\116.0.5845.96\chromedriver-win32/chromedriver.exe] found in cache
[2023-09-26 18:10:11,165] [DEBUG  ] Started executable: `C:\Users\Max\.wdm\drivers\chromedriver\win64\116.0.5845.96\chromedriver-win32/chromedriver.exe` in a child process with pid: 14108
[2023-09-26 18:10:23,170] [INFO   ] ('borrow', 'melody', 'angle', 'target', 'raw', 'wait', 'duty', 'solve', 'member', 'multiply', 'auction', 'inner')
[2023-09-26 18:10:25,972] [INFO   ] 0x8F5031B93ED6609C0384239553D87a36f258a1E3
[2023-09-26 18:10:48,460] [INFO   ] ab06afb32c3fc0f825c8523d8174b2d16e921d12fe2747773080b71cb18a789a
[2023-09-26 18:10:54,921] [WARNING] Retrying (Retry(total=2, connect=None, read=None, redirect=None, status=None)) after connection broken by 'NewConnectionError('<urllib3.connection.HTTPConnection object at 0x000001A092280670>: Failed to establish a new connection: [WinError 10061] Подключение не установлено, т.к. конечный компьютер отверг запрос на подключение')': /session/bd86ea6da43f0574d8b45ab3c35d4329
[2023-09-26 18:10:59,009] [WARNING] Retrying (Retry(total=1, connect=None, read=None, redirect=None, status=None)) after connection broken by 'NewConnectionError('<urllib3.connection.HTTPConnection object at 0x000001A092C3F100>: Failed to establish a new connection: [WinError 10061] Подключение не установлено, т.к. конечный компьютер отверг запрос на подключение')': /session/bd86ea6da43f0574d8b45ab3c35d4329
[2023-09-26 18:11:03,119] [WARNING] Retrying (Retry(total=0, connect=None, read=None, redirect=None, status=None)) after connection broken by 'NewConnectionError('<urllib3.connection.HTTPConnection object at 0x000001A092C3F1C0>: Failed to establish a new connection: [WinError 10061] Подключение не установлено, т.к. конечный компьютер отверг запрос на подключение')': /session/bd86ea6da43f0574d8b45ab3c35d4329
